This file contains any messages produced by compilers while
running configure, to aid debugging if configure makes a mistake.

It was created by sthttpd configure 2.27.0, which was
generated by GNU Autoconf 2.69.  Invocation command line was

  $ ./configure LDFLAGS=-Xlinker --rpath=/usr/local/cs/gcc-5.2.0/lib

## --------- ##
## Platform. ##
## --------- ##

hostname = 
uname -m = x86_64
uname -r = 3.10.0-229.11.1.el7.x86_64
uname -s = Linux
uname -v = #1 SMP Wed Jul 22 12:06:11 EDT 2015

/usr/bin/uname -p = x86_64
/bin/uname -X     = unknown

/bin/arch              = x86_64
/usr/bin/arch -k       = unknown
/usr/convex/getsysinfo = unknown
/usr/bin/hostinfo      = unknown
/bin/machine           = unknown
/usr/bin/oslevel       = unknown
/bin/universe          = unknown

PATH: /usr/local/cs/bin
PATH: /usr/local/cs/bin


## ----------- ##
## Core tests. ##
## ----------- ##

configure:2333: checking for a BSD-compatible install
configure:2401: result: /usr/local/cs/bin/install -c
configure:2412: checking whether build environment is sane
configure:2467: result: yes
configure:2618: checking for a thread-safe mkdir -p
configure:2657: result: /usr/local/cs/bin/mkdir -p
configure:2664: checking for gawk
configure:2694: result: no
configure:2664: checking for mawk
configure:2694: result: no
configure:2664: checking for nawk
configure:2694: result: no
configure:2664: checking for awk
configure:2694: result: no
configure:2702: checking whether make sets $(MAKE)
configure:2724: result: yes
configure:2753: checking whether make supports nested variables
configure:2770: result: yes
configure:2904: checking for gcc
configure:2920: found /usr/local/cs/bin/gcc
configure:2931: result: gcc
configure:3160: checking for C compiler version
configure:3169: gcc --version >&5
gcc (GCC) 5.2.0
Copyright (C) 2015 Free Software Foundation, Inc.
This is free software; see the source for copying conditions.  There is NO
warranty; not even for MERCHANTABILITY or FITNESS FOR A PARTICULAR PURPOSE.

configure:3180: $? = 0
configure:3169: gcc -v >&5
configure:3180: $? = 0
configure:3169: gcc -V >&5
configure:3180: $? = 1
configure:3169: gcc -qversion >&5
configure:3180: $? = 1
configure:3200: checking whether the C compiler works
configure:3222: 
configure:3226: $? = 0
configure:3264: result: no
configure: failed program was:
configure:3269: error: in `/u/cs/ugrad/jingtaow/lab3/sthttpd-2.27.0':
configure:3271: error: C compiler cannot create executables
See `config.log' for more details

## ---------------- ##
## Cache variables. ##
## ---------------- ##


## ----------------- ##
## Output variables. ##
## ----------------- ##

ACLOCAL='${SHELL} /u/cs/ugrad/jingtaow/lab3/sthttpd-2.27.0/missing aclocal-1.13'
AMDEPBACKSLASH=''
AMDEP_FALSE=''
AMDEP_TRUE=''
AMTAR='$${TAR-tar}'
AM_BACKSLASH='\'
AM_DEFAULT_V='$(AM_DEFAULT_VERBOSITY)'
AM_DEFAULT_VERBOSITY='1'
AM_V='$(V)'
AR=''
AUTOCONF='${SHELL} /u/cs/ugrad/jingtaow/lab3/sthttpd-2.27.0/missing autoconf'
AUTOHEADER='${SHELL} /u/cs/ugrad/jingtaow/lab3/sthttpd-2.27.0/missing autoheader'
AUTOMAKE='${SHELL} /u/cs/ugrad/jingtaow/lab3/sthttpd-2.27.0/missing automake-1.13'
AWK=''
CC='gcc'
CCDEPMODE=''
CFLAGS=''
CPP=''
CPPFLAGS=''
CYGPATH_W='echo'
DEFS=''
DEPDIR=''
ECHO_C=''
ECHO_N='-n'
ECHO_T=''
EGREP=''
EXEEXT=''
GREP=''
INSTALL_DATA='${INSTALL} -m 644'
INSTALL_PROGRAM='${INSTALL}'
INSTALL_SCRIPT='${INSTALL}'
INSTALL_STRIP_PROGRAM='$(install_sh) -c -s'
LDFLAGS='-Xlinker --rpath=/usr/local/cs/gcc-5.2.0/lib'
LIBOBJS=''
LIBS=''
LTLIBOBJS=''
MAKEINFO='${SHELL} /u/cs/ugrad/jingtaow/lab3/sthttpd-2.27.0/missing makeinfo'
MKDIR_P='/usr/local/cs/bin/mkdir -p'
OBJEXT=''
PACKAGE='sthttpd'
PACKAGE_BUGREPORT='http://opensource.dyc.edu/bugzilla3'
PACKAGE_NAME='sthttpd'
PACKAGE_STRING='sthttpd 2.27.0'
PACKAGE_TARNAME='sthttpd'
PACKAGE_URL=''
PACKAGE_VERSION='2.27.0'
PATH_SEPARATOR=':'
RANLIB=''
SET_MAKE=''
SHELL='/bin/sh'
STRIP=''
VERSION='2.27.0'
WEBDIR=''
WEBGROUP=''
ac_ct_CC='gcc'
am__EXEEXT_FALSE=''
am__EXEEXT_TRUE=''
am__fastdepCC_FALSE=''
am__fastdepCC_TRUE=''
am__include=''
am__isrc=''
am__leading_dot='.'
am__nodep=''
am__quote=''
am__tar='$${TAR-tar} chof - "$$tardir"'
am__untar='$${TAR-tar} xf -'
bindir='${exec_prefix}/bin'
build_alias=''
datadir='${datarootdir}'
datarootdir='${prefix}/share'
docdir='${datarootdir}/doc/${PACKAGE_TARNAME}'
dvidir='${docdir}'
exec_prefix='NONE'
host_alias=''
htmldir='${docdir}'
includedir='${prefix}/include'
infodir='${datarootdir}/info'
install_sh='${SHELL} /u/cs/ugrad/jingtaow/lab3/sthttpd-2.27.0/install-sh'
libdir='${exec_prefix}/lib'
libexecdir='${exec_prefix}/libexec'
localedir='${datarootdir}/locale'
localstatedir='${prefix}/var'
mandir='${datarootdir}/man'
mkdir_p='$(MKDIR_P)'
oldincludedir='/usr/include'
pdfdir='${docdir}'
prefix='NONE'
program_transform_name=''
psdir='${docdir}'
sbindir='${exec_prefix}/sbin'
sharedstatedir='${prefix}/com'
sysconfdir='${prefix}/etc'
target_alias=''

## ----------- ##
## confdefs.h. ##
## ----------- ##

/* confdefs.h */
#define PACKAGE_NAME "sthttpd"
#define PACKAGE_TARNAME "sthttpd"
#define PACKAGE_VERSION "2.27.0"
#define PACKAGE_STRING "sthttpd 2.27.0"
#define PACKAGE_BUGREPORT "http://opensource.dyc.edu/bugzilla3"
#define PACKAGE_URL ""
#define PACKAGE "sthttpd"
#define VERSION "2.27.0"

configure: exit 77
